Performing C++ SOURCE FILE Test COMPILER_SUPPORT_Wshorten64to32 failed with the following output:
Change Dir: /home/leon/work/myHub/udacity-project/step1/lesson24_Extended_Kalman_Filters/eigen/build/CMakeFiles/CMakeTmp

Run Build Command:"/usr/bin/make" "cmTC_070a2/fast"
/usr/bin/make -f CMakeFiles/cmTC_070a2.dir/build.make CMakeFiles/cmTC_070a2.dir/build
make[1]: Entering directory '/home/leon/work/myHub/udacity-project/step1/lesson24_Extended_Kalman_Filters/eigen/build/CMakeFiles/CMakeTmp'
Building CXX object CMakeFiles/cmTC_070a2.dir/src.cxx.o
/usr/bin/c++     -std=c++03 -pedantic -Wall -Wextra -Wundef -Wcast-align -Wchar-subscripts -Wnon-virtual-dtor -Wunused-local-typedefs -Wpointer-arith -Wwrite-strings -Wformat-security -DCOMPILER_SUPPORT_Wshorten64to32 -Werror   -Wshorten-64-to-32 -o CMakeFiles/cmTC_070a2.dir/src.cxx.o -c /home/leon/work/myHub/udacity-project/step1/lesson24_Extended_Kalman_Filters/eigen/build/CMakeFiles/CMakeTmp/src.cxx
c++: error: unrecognized command line option '-Wshorten-64-to-32'
CMakeFiles/cmTC_070a2.dir/build.make:65: recipe for target 'CMakeFiles/cmTC_070a2.dir/src.cxx.o' failed
make[1]: *** [CMakeFiles/cmTC_070a2.dir/src.cxx.o] Error 1
make[1]: Leaving directory '/home/leon/work/myHub/udacity-project/step1/lesson24_Extended_Kalman_Filters/eigen/build/CMakeFiles/CMakeTmp'
Makefile:126: recipe for target 'cmTC_070a2/fast' failed
make: *** [cmTC_070a2/fast] Error 2

Source file was:
int main() { return 0; }
Performing C++ SOURCE FILE Test COMPILER_SUPPORT_Wenumconversion failed with the following output:
Change Dir: /home/leon/work/myHub/udacity-project/step1/lesson24_Extended_Kalman_Filters/eigen/build/CMakeFiles/CMakeTmp

Run Build Command:"/usr/bin/make" "cmTC_d868d/fast"
/usr/bin/make -f CMakeFiles/cmTC_d868d.dir/build.make CMakeFiles/cmTC_d868d.dir/build
make[1]: Entering directory '/home/leon/work/myHub/udacity-project/step1/lesson24_Extended_Kalman_Filters/eigen/build/CMakeFiles/CMakeTmp'
Building CXX object CMakeFiles/cmTC_d868d.dir/src.cxx.o
/usr/bin/c++     -std=c++03 -pedantic -Wall -Wextra -Wundef -Wcast-align -Wchar-subscripts -Wnon-virtual-dtor -Wunused-local-typedefs -Wpointer-arith -Wwrite-strings -Wformat-security -Wlogical-op -DCOMPILER_SUPPORT_Wenumconversion -Werror   -Wenum-conversion -o CMakeFiles/cmTC_d868d.dir/src.cxx.o -c /home/leon/work/myHub/udacity-project/step1/lesson24_Extended_Kalman_Filters/eigen/build/CMakeFiles/CMakeTmp/src.cxx
c++: error: unrecognized command line option '-Wenum-conversion'
CMakeFiles/cmTC_d868d.dir/build.make:65: recipe for target 'CMakeFiles/cmTC_d868d.dir/src.cxx.o' failed
make[1]: *** [CMakeFiles/cmTC_d868d.dir/src.cxx.o] Error 1
make[1]: Leaving directory '/home/leon/work/myHub/udacity-project/step1/lesson24_Extended_Kalman_Filters/eigen/build/CMakeFiles/CMakeTmp'
Makefile:126: recipe for target 'cmTC_d868d/fast' failed
make: *** [cmTC_d868d/fast] Error 2

Source file was:
int main() { return 0; }
Performing C++ SOURCE FILE Test COMPILER_SUPPORT_Wcpp11extensions failed with the following output:
Change Dir: /home/leon/work/myHub/udacity-project/step1/lesson24_Extended_Kalman_Filters/eigen/build/CMakeFiles/CMakeTmp

Run Build Command:"/usr/bin/make" "cmTC_828a1/fast"
/usr/bin/make -f CMakeFiles/cmTC_828a1.dir/build.make CMakeFiles/cmTC_828a1.dir/build
make[1]: Entering directory '/home/leon/work/myHub/udacity-project/step1/lesson24_Extended_Kalman_Filters/eigen/build/CMakeFiles/CMakeTmp'
Building CXX object CMakeFiles/cmTC_828a1.dir/src.cxx.o
/usr/bin/c++     -std=c++03 -pedantic -Wall -Wextra -Wundef -Wcast-align -Wchar-subscripts -Wnon-virtual-dtor -Wunused-local-typedefs -Wpointer-arith -Wwrite-strings -Wformat-security -Wlogical-op -DCOMPILER_SUPPORT_Wcpp11extensions -Werror   -Wc++11-extensions -o CMakeFiles/cmTC_828a1.dir/src.cxx.o -c /home/leon/work/myHub/udacity-project/step1/lesson24_Extended_Kalman_Filters/eigen/build/CMakeFiles/CMakeTmp/src.cxx
c++: error: unrecognized command line option '-Wc++11-extensions'
CMakeFiles/cmTC_828a1.dir/build.make:65: recipe for target 'CMakeFiles/cmTC_828a1.dir/src.cxx.o' failed
make[1]: *** [CMakeFiles/cmTC_828a1.dir/src.cxx.o] Error 1
make[1]: Leaving directory '/home/leon/work/myHub/udacity-project/step1/lesson24_Extended_Kalman_Filters/eigen/build/CMakeFiles/CMakeTmp'
Makefile:126: recipe for target 'cmTC_828a1/fast' failed
make: *** [cmTC_828a1/fast] Error 2

Source file was:
int main() { return 0; }
Performing C++ SOURCE FILE Test COMPILER_SUPPORT_wd981 failed with the following output:
Change Dir: /home/leon/work/myHub/udacity-project/step1/lesson24_Extended_Kalman_Filters/eigen/build/CMakeFiles/CMakeTmp

Run Build Command:"/usr/bin/make" "cmTC_dcd2d/fast"
/usr/bin/make -f CMakeFiles/cmTC_dcd2d.dir/build.make CMakeFiles/cmTC_dcd2d.dir/build
make[1]: Entering directory '/home/leon/work/myHub/udacity-project/step1/lesson24_Extended_Kalman_Filters/eigen/build/CMakeFiles/CMakeTmp'
Building CXX object CMakeFiles/cmTC_dcd2d.dir/src.cxx.o
/usr/bin/c++     -std=c++03 -pedantic -Wall -Wextra -Wundef -Wcast-align -Wchar-subscripts -Wnon-virtual-dtor -Wunused-local-typedefs -Wpointer-arith -Wwrite-strings -Wformat-security -Wlogical-op -Wdouble-promotion -Wno-psabi -Wno-variadic-macros -Wno-long-long -fno-check-new -fno-common -fstrict-aliasing -DCOMPILER_SUPPORT_wd981 -Werror   -wd981 -o CMakeFiles/cmTC_dcd2d.dir/src.cxx.o -c /home/leon/work/myHub/udacity-project/step1/lesson24_Extended_Kalman_Filters/eigen/build/CMakeFiles/CMakeTmp/src.cxx
c++: error: unrecognized command line option '-wd981'
CMakeFiles/cmTC_dcd2d.dir/build.make:65: recipe for target 'CMakeFiles/cmTC_dcd2d.dir/src.cxx.o' failed
make[1]: *** [CMakeFiles/cmTC_dcd2d.dir/src.cxx.o] Error 1
make[1]: Leaving directory '/home/leon/work/myHub/udacity-project/step1/lesson24_Extended_Kalman_Filters/eigen/build/CMakeFiles/CMakeTmp'
Makefile:126: recipe for target 'cmTC_dcd2d/fast' failed
make: *** [cmTC_dcd2d/fast] Error 2

Source file was:
int main() { return 0; }
Performing C++ SOURCE FILE Test COMPILER_SUPPORT_wd2304 failed with the following output:
Change Dir: /home/leon/work/myHub/udacity-project/step1/lesson24_Extended_Kalman_Filters/eigen/build/CMakeFiles/CMakeTmp

Run Build Command:"/usr/bin/make" "cmTC_7f3ba/fast"
/usr/bin/make -f CMakeFiles/cmTC_7f3ba.dir/build.make CMakeFiles/cmTC_7f3ba.dir/build
make[1]: Entering directory '/home/leon/work/myHub/udacity-project/step1/lesson24_Extended_Kalman_Filters/eigen/build/CMakeFiles/CMakeTmp'
Building CXX object CMakeFiles/cmTC_7f3ba.dir/src.cxx.o
/usr/bin/c++     -std=c++03 -pedantic -Wall -Wextra -Wundef -Wcast-align -Wchar-subscripts -Wnon-virtual-dtor -Wunused-local-typedefs -Wpointer-arith -Wwrite-strings -Wformat-security -Wlogical-op -Wdouble-promotion -Wno-psabi -Wno-variadic-macros -Wno-long-long -fno-check-new -fno-common -fstrict-aliasing -DCOMPILER_SUPPORT_wd2304 -Werror   -wd2304 -o CMakeFiles/cmTC_7f3ba.dir/src.cxx.o -c /home/leon/work/myHub/udacity-project/step1/lesson24_Extended_Kalman_Filters/eigen/build/CMakeFiles/CMakeTmp/src.cxx
c++: error: unrecognized command line option '-wd2304'
CMakeFiles/cmTC_7f3ba.dir/build.make:65: recipe for target 'CMakeFiles/cmTC_7f3ba.dir/src.cxx.o' failed
make[1]: *** [CMakeFiles/cmTC_7f3ba.dir/src.cxx.o] Error 1
make[1]: Leaving directory '/home/leon/work/myHub/udacity-project/step1/lesson24_Extended_Kalman_Filters/eigen/build/CMakeFiles/CMakeTmp'
Makefile:126: recipe for target 'cmTC_7f3ba/fast' failed
make: *** [cmTC_7f3ba/fast] Error 2

Source file was:
int main() { return 0; }
Performing C++ SOURCE FILE Test COMPILER_SUPPORT_STRICTANSI failed with the following output:
Change Dir: /home/leon/work/myHub/udacity-project/step1/lesson24_Extended_Kalman_Filters/eigen/build/CMakeFiles/CMakeTmp

Run Build Command:"/usr/bin/make" "cmTC_b9fe7/fast"
/usr/bin/make -f CMakeFiles/cmTC_b9fe7.dir/build.make CMakeFiles/cmTC_b9fe7.dir/build
make[1]: Entering directory '/home/leon/work/myHub/udacity-project/step1/lesson24_Extended_Kalman_Filters/eigen/build/CMakeFiles/CMakeTmp'
Building CXX object CMakeFiles/cmTC_b9fe7.dir/src.cxx.o
/usr/bin/c++     -std=c++03 -pedantic -Wall -Wextra -Wundef -Wcast-align -Wchar-subscripts -Wnon-virtual-dtor -Wunused-local-typedefs -Wpointer-arith -Wwrite-strings -Wformat-security -Wlogical-op -Wdouble-promotion -Wno-psabi -Wno-variadic-macros -Wno-long-long -fno-check-new -fno-common -fstrict-aliasing -DCOMPILER_SUPPORT_STRICTANSI -Werror   -strict-ansi -o CMakeFiles/cmTC_b9fe7.dir/src.cxx.o -c /home/leon/work/myHub/udacity-project/step1/lesson24_Extended_Kalman_Filters/eigen/build/CMakeFiles/CMakeTmp/src.cxx
c++: error: unrecognized command line option '-strict-ansi'
CMakeFiles/cmTC_b9fe7.dir/build.make:65: recipe for target 'CMakeFiles/cmTC_b9fe7.dir/src.cxx.o' failed
make[1]: *** [CMakeFiles/cmTC_b9fe7.dir/src.cxx.o] Error 1
make[1]: Leaving directory '/home/leon/work/myHub/udacity-project/step1/lesson24_Extended_Kalman_Filters/eigen/build/CMakeFiles/CMakeTmp'
Makefile:126: recipe for target 'cmTC_b9fe7/fast' failed
make: *** [cmTC_b9fe7/fast] Error 2

Source file was:
int main() { return 0; }
Performing C++ SOURCE FILE Test COMPILER_SUPPORT_Qunusedarguments failed with the following output:
Change Dir: /home/leon/work/myHub/udacity-project/step1/lesson24_Extended_Kalman_Filters/eigen/build/CMakeFiles/CMakeTmp

Run Build Command:"/usr/bin/make" "cmTC_b505d/fast"
/usr/bin/make -f CMakeFiles/cmTC_b505d.dir/build.make CMakeFiles/cmTC_b505d.dir/build
make[1]: Entering directory '/home/leon/work/myHub/udacity-project/step1/lesson24_Extended_Kalman_Filters/eigen/build/CMakeFiles/CMakeTmp'
Building CXX object CMakeFiles/cmTC_b505d.dir/src.cxx.o
/usr/bin/c++     -std=c++03 -pedantic -Wall -Wextra -Wundef -Wcast-align -Wchar-subscripts -Wnon-virtual-dtor -Wunused-local-typedefs -Wpointer-arith -Wwrite-strings -Wformat-security -Wlogical-op -Wdouble-promotion -Wno-psabi -Wno-variadic-macros -Wno-long-long -fno-check-new -fno-common -fstrict-aliasing -DCOMPILER_SUPPORT_Qunusedarguments -Werror   -Qunused-arguments -o CMakeFiles/cmTC_b505d.dir/src.cxx.o -c /home/leon/work/myHub/udacity-project/step1/lesson24_Extended_Kalman_Filters/eigen/build/CMakeFiles/CMakeTmp/src.cxx
c++: error: unrecognized command line option '-Qunused-arguments'
CMakeFiles/cmTC_b505d.dir/build.make:65: recipe for target 'CMakeFiles/cmTC_b505d.dir/src.cxx.o' failed
make[1]: *** [CMakeFiles/cmTC_b505d.dir/src.cxx.o] Error 1
make[1]: Leaving directory '/home/leon/work/myHub/udacity-project/step1/lesson24_Extended_Kalman_Filters/eigen/build/CMakeFiles/CMakeTmp'
Makefile:126: recipe for target 'cmTC_b505d/fast' failed
make: *** [cmTC_b505d/fast] Error 2

Source file was:
int main() { return 0; }
Determining if the pthread_create exist failed with the following output:
Change Dir: /home/leon/work/myHub/udacity-project/step1/lesson24_Extended_Kalman_Filters/eigen/build/CMakeFiles/CMakeTmp

Run Build Command:"/usr/bin/make" "cmTC_18c01/fast"
/usr/bin/make -f CMakeFiles/cmTC_18c01.dir/build.make CMakeFiles/cmTC_18c01.dir/build
make[1]: Entering directory '/home/leon/work/myHub/udacity-project/step1/lesson24_Extended_Kalman_Filters/eigen/build/CMakeFiles/CMakeTmp'
Building C object CMakeFiles/cmTC_18c01.dir/CheckSymbolExists.c.o
/usr/bin/cc     -o CMakeFiles/cmTC_18c01.dir/CheckSymbolExists.c.o   -c /home/leon/work/myHub/udacity-project/step1/lesson24_Extended_Kalman_Filters/eigen/build/CMakeFiles/CMakeTmp/CheckSymbolExists.c
Linking C executable cmTC_18c01
/usr/bin/cmake -E cmake_link_script CMakeFiles/cmTC_18c01.dir/link.txt --verbose=1
/usr/bin/cc       CMakeFiles/cmTC_18c01.dir/CheckSymbolExists.c.o  -o cmTC_18c01 -rdynamic 
CMakeFiles/cmTC_18c01.dir/CheckSymbolExists.c.o：在函数‘main’中：
CheckSymbolExists.c:(.text+0x16)：对‘pthread_create’未定义的引用
collect2: error: ld returned 1 exit status
CMakeFiles/cmTC_18c01.dir/build.make:97: recipe for target 'cmTC_18c01' failed
make[1]: *** [cmTC_18c01] Error 1
make[1]: Leaving directory '/home/leon/work/myHub/udacity-project/step1/lesson24_Extended_Kalman_Filters/eigen/build/CMakeFiles/CMakeTmp'
Makefile:126: recipe for target 'cmTC_18c01/fast' failed
make: *** [cmTC_18c01/fast] Error 2

File /home/leon/work/myHub/udacity-project/step1/lesson24_Extended_Kalman_Filters/eigen/build/CMakeFiles/CMakeTmp/CheckSymbolExists.c:
/* */
#include <pthread.h>

int main(int argc, char** argv)
{
  (void)argv;
#ifndef pthread_create
  return ((int*)(&pthread_create))[argc];
#else
  (void)argc;
  return 0;
#endif
}

Determining if the function pthread_create exists in the pthreads failed with the following output:
Change Dir: /home/leon/work/myHub/udacity-project/step1/lesson24_Extended_Kalman_Filters/eigen/build/CMakeFiles/CMakeTmp

Run Build Command:"/usr/bin/make" "cmTC_fbfc4/fast"
/usr/bin/make -f CMakeFiles/cmTC_fbfc4.dir/build.make CMakeFiles/cmTC_fbfc4.dir/build
make[1]: Entering directory '/home/leon/work/myHub/udacity-project/step1/lesson24_Extended_Kalman_Filters/eigen/build/CMakeFiles/CMakeTmp'
Building C object CMakeFiles/cmTC_fbfc4.dir/CheckFunctionExists.c.o
/usr/bin/cc    -DCHECK_FUNCTION_EXISTS=pthread_create   -o CMakeFiles/cmTC_fbfc4.dir/CheckFunctionExists.c.o   -c /usr/share/cmake-3.5/Modules/CheckFunctionExists.c
Linking C executable cmTC_fbfc4
/usr/bin/cmake -E cmake_link_script CMakeFiles/cmTC_fbfc4.dir/link.txt --verbose=1
/usr/bin/cc   -DCHECK_FUNCTION_EXISTS=pthread_create    CMakeFiles/cmTC_fbfc4.dir/CheckFunctionExists.c.o  -o cmTC_fbfc4 -rdynamic -lpthreads 
/usr/bin/ld: 找不到 -lpthreads
collect2: error: ld returned 1 exit status
CMakeFiles/cmTC_fbfc4.dir/build.make:97: recipe for target 'cmTC_fbfc4' failed
make[1]: *** [cmTC_fbfc4] Error 1
make[1]: Leaving directory '/home/leon/work/myHub/udacity-project/step1/lesson24_Extended_Kalman_Filters/eigen/build/CMakeFiles/CMakeTmp'
Makefile:126: recipe for target 'cmTC_fbfc4/fast' failed
make: *** [cmTC_fbfc4/fast] Error 2


